<?xml version="1.0" encoding="UTF-8"?>
<testng-results ignored="1" total="2" passed="1" failed="0" skipped="0">
  <reporter-output>
  </reporter-output>
  <suite started-at="2023-03-10T13:02:21 IST" name="Default suite" finished-at="2023-03-10T13:02:21 IST" duration-ms="73">
    <groups>
    </groups>
    <test started-at="2023-03-10T13:02:21 IST" name="Default test" finished-at="2023-03-10T13:02:21 IST" duration-ms="73">
      <class name="practice.Practice">
        <test-method signature="firsttest()[pri:0, instance:practice.Practice@16a0ee18]" started-at="2023-03-10T13:02:21 IST" name="firsttest" finished-at="2023-03-10T13:02:21 IST" duration-ms="13" status="PASS">
          <reporter-output>
          </reporter-output>
        </test-method> <!-- firsttest -->
      </class> <!-- practice.Practice -->
    </test> <!-- Default test -->
  </suite> <!-- Default suite -->
</testng-results>
